<?xml version="1.0" encoding="UTF-8"?>
<robot generator="Robot 3.2.1 (Python 3.8.5 on win32)" generated="20200721 21:42:37.737" rpa="false">
<suite id="s1" name="Cadastro" source="C:\roboweek\ninjachef\cadastro.robot">
<test id="s1-t1" name="Cadastro Simples">
<kw name="Dado que acesso a página principal">
<kw name="Open Browser" library="SeleniumLibrary">
<doc>Opens a new browser instance to the optional ``url``.</doc>
<arguments>
<arg>http://ninjachef-qaninja-io.umbler.net/</arg>
<arg>chrome</arg>
</arguments>
<msg timestamp="20200721 21:42:38.345" level="INFO">Opening browser 'chrome' to base url 'http://ninjachef-qaninja-io.umbler.net/'.</msg>
<status status="PASS" starttime="20200721 21:42:38.345" endtime="20200721 21:42:45.203"></status>
</kw>
<status status="PASS" starttime="20200721 21:42:38.343" endtime="20200721 21:42:45.205"></status>
</kw>
<kw name="Quando submeto o meu e-mail &quot;joao@gmail.com&quot;">
<kw name="Input Text" library="SeleniumLibrary">
<doc>Types the given ``text`` into the text field identified by ``locator``.</doc>
<arguments>
<arg>id:email</arg>
<arg>${email}</arg>
</arguments>
<msg timestamp="20200721 21:42:45.210" level="INFO">Typing text 'joao@gmail.com' into text field 'id:email'.</msg>
<status status="PASS" starttime="20200721 21:42:45.209" endtime="20200721 21:42:45.620"></status>
</kw>
<kw name="Click Element" library="SeleniumLibrary">
<doc>Click the element identified by ``locator``.</doc>
<arguments>
<arg>css:button[type=submit]</arg>
</arguments>
<msg timestamp="20200721 21:42:45.621" level="INFO">Clicking element 'css:button[type=submit]'.</msg>
<status status="PASS" starttime="20200721 21:42:45.620" endtime="20200721 21:42:45.732"></status>
</kw>
<status status="PASS" starttime="20200721 21:42:45.207" endtime="20200721 21:42:45.732"></status>
</kw>
<kw name="Então devo ser autenticado">
<kw name="Wait Until Page Contains Element" library="SeleniumLibrary">
<doc>Waits until the element ``locator`` appears on the current page.</doc>
<arguments>
<arg>class:dashboard</arg>
</arguments>
<status status="PASS" starttime="20200721 21:42:45.736" endtime="20200721 21:42:46.189"></status>
</kw>
<kw name="Sleep" library="BuiltIn">
<doc>Pauses the test executed for the given time.</doc>
<arguments>
<arg>5</arg>
</arguments>
<msg timestamp="20200721 21:42:51.191" level="INFO">Slept 5 seconds</msg>
<status status="PASS" starttime="20200721 21:42:46.189" endtime="20200721 21:42:51.191"></status>
</kw>
<kw name="Close Browser" library="SeleniumLibrary">
<doc>Closes the current browser.</doc>
<status status="PASS" starttime="20200721 21:42:51.191" endtime="20200721 21:42:53.487"></status>
</kw>
<status status="PASS" starttime="20200721 21:42:45.734" endtime="20200721 21:42:53.488"></status>
</kw>
<status status="PASS" starttime="20200721 21:42:38.341" endtime="20200721 21:42:53.488" critical="yes"></status>
</test>
<doc>Suite dos testes de cadastro</doc>
<status status="PASS" starttime="20200721 21:42:37.743" endtime="20200721 21:42:53.492"></status>
</suite>
<statistics>
<total>
<stat pass="1" fail="0">Critical Tests</stat>
<stat pass="1" fail="0">All Tests</stat>
</total>
<tag>
</tag>
<suite>
<stat pass="1" fail="0" id="s1" name="Cadastro">Cadastro</stat>
</suite>
</statistics>
<errors>
</errors>
</robot>
